<?xml version="1.0" encoding="UTF-8" ?>
<testsuite failures="1" time="44.889" errors="0" skipped="0" tests="1" name="org.freeeed.main.FreeEedMainTest">
  <properties>
[...]
</properties>
  <testcase time="44.888" classname="org.freeeed.main.FreeEedMainTest" name="testMain">
    <failure message="resultCount == 2308" type="java.lang.AssertionError">java.lang.AssertionError: resultCount == 2308
	at org.junit.Assert.fail(Assert.java:93)
	at org.junit.Assert.assertTrue(Assert.java:43)
	at org.freeeed.main.FreeEedMainTest.testMain(FreeEedMainTest.java:95)
	at sun.reflect.NativeMethodAccessorImpl.invoke0(Native Method)
	at sun.reflect.NativeMethodAccessorImpl.invoke(NativeMethodAccessorImpl.java:57)
	at sun.reflect.DelegatingMethodAccessorImpl.invoke(DelegatingMethodAccessorImpl.java:43)
	at java.lang.reflect.Method.invoke(Method.java:601)
	at org.junit.runners.model.FrameworkMethod$1.runReflectiveCall(FrameworkMethod.java:45)
	at org.junit.internal.runners.model.ReflectiveCallable.run(ReflectiveCallable.java:15)
	at org.junit.runners.model.FrameworkMethod.invokeExplosively(FrameworkMethod.java:42)
	at org.junit.internal.runners.statements.InvokeMethod.evaluate(InvokeMethod.java:20)
	at org.junit.internal.runners.statements.RunBefores.evaluate(RunBefores.java:28)
	at org.junit.internal.runners.statements.RunAfters.evaluate(RunAfters.java:30)
	at org.junit.runners.ParentRunner.runLeaf(ParentRunner.java:263)
	at org.junit.runners.BlockJUnit4ClassRunner.runChild(BlockJUnit4ClassRunner.java:68)
	at org.junit.runners.BlockJUnit4ClassRunner.runChild(BlockJUnit4ClassRunner.java:47)
	at org.junit.runners.ParentRunner$3.run(ParentRunner.java:231)
	at org.junit.runners.ParentRunner$1.schedule(ParentRunner.java:60)
	at org.junit.runners.ParentRunner.runChildren(ParentRunner.java:229)
	at org.junit.runners.ParentRunner.access$000(ParentRunner.java:50)
	at org.junit.runners.ParentRunner$2.evaluate(ParentRunner.java:222)
	at org.junit.internal.runners.statements.RunBefores.evaluate(RunBefores.java:28)
	at org.junit.internal.runners.statements.RunAfters.evaluate(RunAfters.java:30)
	at org.junit.runners.ParentRunner.run(ParentRunner.java:300)
	at org.apache.maven.surefire.junit4.JUnit4TestSet.execute(JUnit4TestSet.java:53)
	at org.apache.maven.surefire.junit4.JUnit4Provider.executeTestSet(JUnit4Provider.java:123)
	at org.apache.maven.surefire.junit4.JUnit4Provider.invoke(JUnit4Provider.java:104)
	at sun.reflect.NativeMethodAccessorImpl.invoke0(Native Method)
	at sun.reflect.NativeMethodAccessorImpl.invoke(NativeMethodAccessorImpl.java:57)
	at sun.reflect.DelegatingMethodAccessorImpl.invoke(DelegatingMethodAccessorImpl.java:43)
	at java.lang.reflect.Method.invoke(Method.java:601)
	at org.apache.maven.surefire.util.ReflectionUtils.invokeMethodWithArray(ReflectionUtils.java:164)
	at org.apache.maven.surefire.booter.ProviderFactory$ProviderProxy.invoke(ProviderFactory.java:110)
	at org.apache.maven.surefire.booter.SurefireStarter.invokeProvider(SurefireStarter.java:175)
	at org.apache.maven.surefire.booter.SurefireStarter.runSuitesInProcessWhenForked(SurefireStarter.java:107)
	at org.apache.maven.surefire.booter.ForkedBooter.main(ForkedBooter.java:68)
</failure>
    <system-out>FreeEedMainTest.testMain
no protocol: test-data/01-one-time-test
no protocol: test-data/02-loose-files
no protocol: test-data/03-enron-pst
Processing: local
FreeEed V4.0.2
Build time: Unknown
Running Hadoop job
Input project file = freeeed-output/0003/output//staging/inventory
Output path = freeeed-output/0003/output//results
project.isEnvHadoop() = false
Ready to run, inputPath = freeeed-output/0003/output//staging/inventory, outputPath = freeeed-output/0003/output//results
SolrIndex Create DisabledSolrIndex
Warning: running readpst, but it is not present
java.lang.NullPointerException
	at org.freeeed.main.PstProcessor.collectEmails(PstProcessor.java:80)
	at org.freeeed.main.PstProcessor.process(PstProcessor.java:71)
	at org.freeeed.main.ZipFileProcessor.processArchivesRecursively(ZipFileProcessor.java:177)
	at org.freeeed.main.ZipFileProcessor.processArchivesRecursively(ZipFileProcessor.java:164)
	at org.freeeed.main.ZipFileProcessor.processArchivesRecursively(ZipFileProcessor.java:164)
	at org.freeeed.main.ZipFileProcessor.processWithTrueZip(ZipFileProcessor.java:141)
	at org.freeeed.main.ZipFileProcessor.process(ZipFileProcessor.java:91)
	at org.freeeed.main.Map.map(Map.java:99)
	at org.freeeed.main.Map.map(Map.java:47)
	at org.apache.hadoop.mapreduce.Mapper.run(Mapper.java:144)
	at org.apache.hadoop.mapred.MapTask.runNewMapper(MapTask.java:764)
	at org.apache.hadoop.mapred.MapTask.run(MapTask.java:370)
	at org.apache.hadoop.mapred.LocalJobRunner$Job.run(LocalJobRunner.java:212)
emitAsMap: fileName = freeeed-output/0003/output//staging/input00003_c3.zip metadata = document_original_path=freeeed-output/0003/output//staging/input00003_c3.zip 
In zip file freeeed-output/0003/output//staging/input00003_c3.zip processed 128 items
FreeEedMainTest.testMain: resultCount = 129
</system-out>
    <system-err>Empty Settings Path: settings.properties
13/10/29 00:00:56 WARN util.NativeCodeLoader: Unable to load native-hadoop library for your platform... using builtin-java classes where applicable
13/10/29 00:00:56 WARN mapred.JobClient: No job jar file set.  User classes may not be found. See JobConf(Class) or JobConf#setJar(String).
13/10/29 00:00:56 INFO input.FileInputFormat: Total input paths to process : 1
13/10/29 00:00:57 INFO mapred.JobClient: Running job: job_local_0001
13/10/29 00:00:57 INFO mapred.Task:  Using ResourceCalculatorPlugin : null
13/10/29 00:00:57 INFO mapred.MapTask: io.sort.mb = 100
13/10/29 00:00:57 INFO mapred.MapTask: data buffer = 79691776/99614720
13/10/29 00:00:57 INFO mapred.MapTask: record buffer = 262144/327680
13/10/29 00:00:58 INFO mapred.JobClient:  map 0% reduce 0%
13/10/29 00:01:01 INFO font.PDType1Font: Can&apos;t read the embedded type1C font MyriadPro-Bold
13/10/29 00:01:02 INFO util.PDFStreamEngine: unsupported/disabled operation: EI
13/10/29 00:01:03 INFO mapred.LocalJobRunner: 
13/10/29 00:01:04 INFO mapred.JobClient:  map 66% reduce 0%
13/10/29 00:01:06 INFO mapred.LocalJobRunner: 
13/10/29 00:01:06 INFO util.PDFStreamEngine: unsupported/disabled operation: EI
13/10/29 00:01:09 INFO mapred.LocalJobRunner: 
13/10/29 00:01:12 INFO mapred.LocalJobRunner: 
Cannot run program &quot;readpst&quot;: error=2, No such file or directory
13/10/29 00:01:12 INFO mapred.MapTask: Starting flush of map output
13/10/29 00:01:13 INFO mapred.MapTask: Finished spill 0
13/10/29 00:01:13 INFO mapred.Task: Task:attempt_local_0001_m_000000_0 is done. And is in the process of commiting
13/10/29 00:01:15 INFO mapred.LocalJobRunner: 
13/10/29 00:01:15 INFO mapred.LocalJobRunner: 
13/10/29 00:01:15 INFO mapred.Task: Task &apos;attempt_local_0001_m_000000_0&apos; done.
13/10/29 00:01:15 INFO mapred.Task:  Using ResourceCalculatorPlugin : null
13/10/29 00:01:15 INFO mapred.LocalJobRunner: 
13/10/29 00:01:15 INFO mapred.Merger: Merging 1 sorted segments
13/10/29 00:01:15 INFO mapred.Merger: Down to the last merge-pass, with 1 segments left of total size: 51176169 bytes
13/10/29 00:01:15 INFO mapred.LocalJobRunner: 
13/10/29 00:01:16 INFO mapred.JobClient:  map 100% reduce 0%
13/10/29 00:01:17 INFO mapred.Task: Task:attempt_local_0001_r_000000_0 is done. And is in the process of commiting
13/10/29 00:01:17 INFO mapred.LocalJobRunner: 
13/10/29 00:01:17 INFO mapred.Task: Task attempt_local_0001_r_000000_0 is allowed to commit now
13/10/29 00:01:17 INFO output.FileOutputCommitter: Saved output of task &apos;attempt_local_0001_r_000000_0&apos; to freeeed-output/0003/output/results
13/10/29 00:01:18 INFO mapred.LocalJobRunner: reduce &gt; reduce
13/10/29 00:01:18 INFO mapred.Task: Task &apos;attempt_local_0001_r_000000_0&apos; done.
13/10/29 00:01:19 INFO mapred.JobClient:  map 100% reduce 100%
13/10/29 00:01:19 INFO mapred.JobClient: Job complete: job_local_0001
13/10/29 00:01:19 INFO mapred.JobClient: Counters: 17
13/10/29 00:01:19 INFO mapred.JobClient:   File Output Format Counters 
13/10/29 00:01:19 INFO mapred.JobClient:     Bytes Written=39815
13/10/29 00:01:19 INFO mapred.JobClient:   FileSystemCounters
13/10/29 00:01:19 INFO mapred.JobClient:     FILE_BYTES_READ=51176917
13/10/29 00:01:19 INFO mapred.JobClient:     FILE_BYTES_WRITTEN=102464731
13/10/29 00:01:19 INFO mapred.JobClient:   File Input Format Counters 
13/10/29 00:01:19 INFO mapred.JobClient:     Bytes Read=162
13/10/29 00:01:19 INFO mapred.JobClient:   Map-Reduce Framework
13/10/29 00:01:19 INFO mapred.JobClient:     Reduce input groups=123
13/10/29 00:01:19 INFO mapred.JobClient:     Map output materialized bytes=51176173
13/10/29 00:01:19 INFO mapred.JobClient:     Combine output records=0
13/10/29 00:01:19 INFO mapred.JobClient:     Map input records=3
13/10/29 00:01:19 INFO mapred.JobClient:     Reduce shuffle bytes=0
13/10/29 00:01:19 INFO mapred.JobClient:     Reduce output records=129
13/10/29 00:01:19 INFO mapred.JobClient:     Spilled Records=256
13/10/29 00:01:19 INFO mapred.JobClient:     Map output bytes=51175582
13/10/29 00:01:19 INFO mapred.JobClient:     Total committed heap usage (bytes)=1118109696
13/10/29 00:01:19 INFO mapred.JobClient:     Combine input records=0
13/10/29 00:01:19 INFO mapred.JobClient:     Map output records=128
13/10/29 00:01:19 INFO mapred.JobClient:     SPLIT_RAW_BYTES=155
13/10/29 00:01:19 INFO mapred.JobClient:     Reduce input records=128
</system-err>
  </testcase>
</testsuite>